2025-02-07 12:12:46,327 - INFO - URL: https://www.amazon.com/s?k=Samsung
2025-02-07 12:12:46,328 - INFO - Internal links found: 424
2025-02-07 12:12:46,328 - INFO - External links found: 23
2025-02-07 12:12:46,328 - INFO - Images found: 248
2025-02-07 12:12:46,328 - INFO - Videos found: 0
2025-02-07 12:12:46,328 - INFO - Audio files found: 0
2025-02-07 12:12:46,817 - INFO - URL: https://www.amazon.com/s?k=Apple
2025-02-07 12:12:46,818 - INFO - Internal links found: 177
2025-02-07 12:12:46,818 - INFO - External links found: 21
2025-02-07 12:12:46,818 - INFO - Images found: 75
2025-02-07 12:12:46,819 - INFO - Videos found: 0
2025-02-07 12:12:46,819 - INFO - Audio files found: 0
2025-02-07 12:12:46,828 - INFO - URL: https://www.amazon.com/s?k=Huawei
2025-02-07 12:12:46,829 - INFO - Internal links found: 219
2025-02-07 12:12:46,829 - INFO - External links found: 21
2025-02-07 12:12:46,830 - INFO - Images found: 100
2025-02-07 12:12:46,830 - INFO - Videos found: 0
2025-02-07 12:12:46,830 - INFO - Audio files found: 0
2025-02-07 12:12:46,855 - INFO - URL: https://www.amazon.com/s?k=Google+Pixel
2025-02-07 12:12:46,855 - INFO - Internal links found: 278
2025-02-07 12:12:46,855 - INFO - External links found: 21
2025-02-07 12:12:46,856 - INFO - Images found: 95
2025-02-07 12:12:46,856 - INFO - Videos found: 0
2025-02-07 12:12:46,856 - INFO - Audio files found: 0
2025-02-07 12:12:46,866 - INFO - URL: https://www.amazon.com/s?k=Xiaomi
2025-02-07 12:12:46,866 - INFO - Internal links found: 212
2025-02-07 12:12:46,867 - INFO - External links found: 21
2025-02-07 12:12:46,867 - INFO - Images found: 90
2025-02-07 12:12:46,867 - INFO - Videos found: 0
2025-02-07 12:12:46,867 - INFO - Audio files found: 0
2025-02-07 12:12:46,898 - INFO - URL: https://www.amazon.com/s?k=Honor
2025-02-07 12:12:46,898 - INFO - Internal links found: 205
2025-02-07 12:12:46,899 - INFO - External links found: 21
2025-02-07 12:12:46,899 - INFO - Images found: 94
2025-02-07 12:12:46,899 - INFO - Videos found: 0
2025-02-07 12:12:46,900 - INFO - Audio files found: 0
2025-02-07 12:12:46,912 - INFO - URL: https://www.amazon.com/s?k=OnePlus
2025-02-07 12:12:46,913 - INFO - Internal links found: 241
2025-02-07 12:12:46,913 - INFO - External links found: 21
2025-02-07 12:12:46,913 - INFO - Images found: 90
2025-02-07 12:12:46,913 - INFO - Videos found: 0
2025-02-07 12:12:46,914 - INFO - Audio files found: 0
