2025-02-07 12:24:32,976 - INFO - URL: https://www.amazon.com/s?k=Samsung
2025-02-07 12:24:32,976 - INFO - Internal links found: 424
2025-02-07 12:24:32,976 - INFO - External links found: 23
2025-02-07 12:24:32,976 - INFO - Images found: 248
2025-02-07 12:24:32,977 - INFO - Videos found: 0
2025-02-07 12:24:32,977 - INFO - Audio files found: 0
2025-02-07 12:24:33,399 - INFO - URL: https://www.amazon.com/s?k=Apple
2025-02-07 12:24:33,399 - INFO - Internal links found: 177
2025-02-07 12:24:33,399 - INFO - External links found: 21
2025-02-07 12:24:33,399 - INFO - Images found: 75
2025-02-07 12:24:33,400 - INFO - Videos found: 0
2025-02-07 12:24:33,400 - INFO - Audio files found: 0
2025-02-07 12:24:33,451 - INFO - URL: https://www.amazon.com/s?k=Huawei
2025-02-07 12:24:33,451 - INFO - Internal links found: 219
2025-02-07 12:24:33,453 - INFO - External links found: 21
2025-02-07 12:24:33,453 - INFO - Images found: 100
2025-02-07 12:24:33,453 - INFO - Videos found: 0
2025-02-07 12:24:33,454 - INFO - Audio files found: 0
2025-02-07 12:24:33,465 - INFO - URL: https://www.amazon.com/s?k=Google+Pixel
2025-02-07 12:24:33,465 - INFO - Internal links found: 278
2025-02-07 12:24:33,465 - INFO - External links found: 21
2025-02-07 12:24:33,466 - INFO - Images found: 95
2025-02-07 12:24:33,466 - INFO - Videos found: 0
2025-02-07 12:24:33,466 - INFO - Audio files found: 0
2025-02-07 12:24:33,488 - INFO - URL: https://www.amazon.com/s?k=Xiaomi
2025-02-07 12:24:33,489 - INFO - Internal links found: 212
2025-02-07 12:24:33,489 - INFO - External links found: 21
2025-02-07 12:24:33,489 - INFO - Images found: 90
2025-02-07 12:24:33,490 - INFO - Videos found: 0
2025-02-07 12:24:33,490 - INFO - Audio files found: 0
2025-02-07 12:24:33,502 - INFO - URL: https://www.amazon.com/s?k=Honor
2025-02-07 12:24:33,502 - INFO - Internal links found: 205
2025-02-07 12:24:33,503 - INFO - External links found: 21
2025-02-07 12:24:33,503 - INFO - Images found: 94
2025-02-07 12:24:33,503 - INFO - Videos found: 0
2025-02-07 12:24:33,504 - INFO - Audio files found: 0
2025-02-07 12:24:33,517 - INFO - URL: https://www.amazon.com/s?k=OnePlus
2025-02-07 12:24:33,518 - INFO - Internal links found: 241
2025-02-07 12:24:33,518 - INFO - External links found: 21
2025-02-07 12:24:33,518 - INFO - Images found: 90
2025-02-07 12:24:33,518 - INFO - Videos found: 0
2025-02-07 12:24:33,518 - INFO - Audio files found: 0
