2025-02-07 12:28:00,363 - INFO - URL: https://www.amazon.com/s?k=Samsung
2025-02-07 12:28:00,365 - INFO - Internal links found: 424
2025-02-07 12:28:00,366 - INFO - External links found: 23
2025-02-07 12:28:00,366 - INFO - Images found: 248
2025-02-07 12:28:00,366 - INFO - Videos found: 0
2025-02-07 12:28:00,366 - INFO - Audio files found: 0
2025-02-07 12:28:00,834 - INFO - URL: https://www.amazon.com/s?k=Apple
2025-02-07 12:28:00,835 - INFO - Internal links found: 177
2025-02-07 12:28:00,835 - INFO - External links found: 21
2025-02-07 12:28:00,835 - INFO - Images found: 75
2025-02-07 12:28:00,835 - INFO - Videos found: 0
2025-02-07 12:28:00,836 - INFO - Audio files found: 0
2025-02-07 12:28:00,856 - INFO - URL: https://www.amazon.com/s?k=Huawei
2025-02-07 12:28:00,857 - INFO - Internal links found: 219
2025-02-07 12:28:00,857 - INFO - External links found: 21
2025-02-07 12:28:00,858 - INFO - Images found: 100
2025-02-07 12:28:00,858 - INFO - Videos found: 0
2025-02-07 12:28:00,858 - INFO - Audio files found: 0
2025-02-07 12:28:00,893 - INFO - URL: https://www.amazon.com/s?k=Google+Pixel
2025-02-07 12:28:00,893 - INFO - Internal links found: 278
2025-02-07 12:28:00,894 - INFO - External links found: 21
2025-02-07 12:28:00,894 - INFO - Images found: 95
2025-02-07 12:28:00,894 - INFO - Videos found: 0
2025-02-07 12:28:00,894 - INFO - Audio files found: 0
2025-02-07 12:28:00,913 - INFO - URL: https://www.amazon.com/s?k=Xiaomi
2025-02-07 12:28:00,914 - INFO - Internal links found: 212
2025-02-07 12:28:00,915 - INFO - External links found: 21
2025-02-07 12:28:00,915 - INFO - Images found: 90
2025-02-07 12:28:00,915 - INFO - Videos found: 0
2025-02-07 12:28:00,915 - INFO - Audio files found: 0
2025-02-07 12:28:00,928 - INFO - URL: https://www.amazon.com/s?k=Honor
2025-02-07 12:28:00,928 - INFO - Internal links found: 205
2025-02-07 12:28:00,928 - INFO - External links found: 21
2025-02-07 12:28:00,929 - INFO - Images found: 94
2025-02-07 12:28:00,929 - INFO - Videos found: 0
2025-02-07 12:28:00,929 - INFO - Audio files found: 0
2025-02-07 12:28:00,945 - INFO - URL: https://www.amazon.com/s?k=OnePlus
2025-02-07 12:28:00,945 - INFO - Internal links found: 241
2025-02-07 12:28:00,946 - INFO - External links found: 21
2025-02-07 12:28:00,946 - INFO - Images found: 90
2025-02-07 12:28:00,946 - INFO - Videos found: 0
2025-02-07 12:28:00,947 - INFO - Audio files found: 0
