2025-02-07 13:06:59,965 - INFO - URL: https://www.amazon.com/s?k=Samsung
2025-02-07 13:06:59,965 - INFO - Internal links found: 424
2025-02-07 13:06:59,966 - INFO - External links found: 23
2025-02-07 13:06:59,966 - INFO - Images found: 248
2025-02-07 13:06:59,967 - INFO - Videos found: 0
2025-02-07 13:06:59,967 - INFO - Audio files found: 0
2025-02-07 13:07:00,462 - INFO - URL: https://www.amazon.com/s?k=Apple
2025-02-07 13:07:00,462 - INFO - Internal links found: 177
2025-02-07 13:07:00,462 - INFO - External links found: 21
2025-02-07 13:07:00,464 - INFO - Images found: 75
2025-02-07 13:07:00,464 - INFO - Videos found: 0
2025-02-07 13:07:00,464 - INFO - Audio files found: 0
2025-02-07 13:07:00,479 - INFO - URL: https://www.amazon.com/s?k=Huawei
2025-02-07 13:07:00,481 - INFO - Internal links found: 219
2025-02-07 13:07:00,481 - INFO - External links found: 21
2025-02-07 13:07:00,481 - INFO - Images found: 100
2025-02-07 13:07:00,482 - INFO - Videos found: 0
2025-02-07 13:07:00,482 - INFO - Audio files found: 0
2025-02-07 13:07:00,501 - INFO - URL: https://www.amazon.com/s?k=Google+Pixel
2025-02-07 13:07:00,502 - INFO - Internal links found: 278
2025-02-07 13:07:00,502 - INFO - External links found: 21
2025-02-07 13:07:00,502 - INFO - Images found: 95
2025-02-07 13:07:00,503 - INFO - Videos found: 0
2025-02-07 13:07:00,503 - INFO - Audio files found: 0
2025-02-07 13:07:00,515 - INFO - URL: https://www.amazon.com/s?k=Xiaomi
2025-02-07 13:07:00,515 - INFO - Internal links found: 212
2025-02-07 13:07:00,515 - INFO - External links found: 21
2025-02-07 13:07:00,516 - INFO - Images found: 90
2025-02-07 13:07:00,516 - INFO - Videos found: 0
2025-02-07 13:07:00,516 - INFO - Audio files found: 0
2025-02-07 13:07:00,533 - INFO - URL: https://www.amazon.com/s?k=Honor
2025-02-07 13:07:00,534 - INFO - Internal links found: 205
2025-02-07 13:07:00,534 - INFO - External links found: 21
2025-02-07 13:07:00,534 - INFO - Images found: 94
2025-02-07 13:07:00,535 - INFO - Videos found: 0
2025-02-07 13:07:00,535 - INFO - Audio files found: 0
2025-02-07 13:07:00,553 - INFO - URL: https://www.amazon.com/s?k=OnePlus
2025-02-07 13:07:00,553 - INFO - Internal links found: 241
2025-02-07 13:07:00,553 - INFO - External links found: 21
2025-02-07 13:07:00,553 - INFO - Images found: 90
2025-02-07 13:07:00,554 - INFO - Videos found: 0
2025-02-07 13:07:00,554 - INFO - Audio files found: 0
