2025-02-07 13:10:29,657 - INFO - URL: https://www.amazon.com/s?k=Samsung
2025-02-07 13:10:29,657 - INFO - Internal links found: 424
2025-02-07 13:10:29,657 - INFO - External links found: 23
2025-02-07 13:10:29,657 - INFO - Images found: 248
2025-02-07 13:10:29,657 - INFO - Videos found: 0
2025-02-07 13:10:29,659 - INFO - Audio files found: 0
2025-02-07 13:10:29,990 - INFO - URL: https://www.amazon.com/s?k=Apple
2025-02-07 13:10:29,990 - INFO - Internal links found: 177
2025-02-07 13:10:29,991 - INFO - External links found: 21
2025-02-07 13:10:29,991 - INFO - Images found: 75
2025-02-07 13:10:29,991 - INFO - Videos found: 0
2025-02-07 13:10:29,992 - INFO - Audio files found: 0
2025-02-07 13:10:30,003 - INFO - URL: https://www.amazon.com/s?k=Huawei
2025-02-07 13:10:30,124 - INFO - Internal links found: 219
2025-02-07 13:10:30,124 - INFO - External links found: 21
2025-02-07 13:10:30,125 - INFO - Images found: 100
2025-02-07 13:10:30,125 - INFO - Videos found: 0
2025-02-07 13:10:30,125 - INFO - Audio files found: 0
2025-02-07 13:10:30,141 - INFO - URL: https://www.amazon.com/s?k=Google+Pixel
2025-02-07 13:10:30,142 - INFO - Internal links found: 278
2025-02-07 13:10:30,142 - INFO - External links found: 21
2025-02-07 13:10:30,143 - INFO - Images found: 95
2025-02-07 13:10:30,143 - INFO - Videos found: 0
2025-02-07 13:10:30,143 - INFO - Audio files found: 0
2025-02-07 13:10:30,152 - INFO - URL: https://www.amazon.com/s?k=Xiaomi
2025-02-07 13:10:30,153 - INFO - Internal links found: 212
2025-02-07 13:10:30,153 - INFO - External links found: 21
2025-02-07 13:10:30,153 - INFO - Images found: 90
2025-02-07 13:10:30,153 - INFO - Videos found: 0
2025-02-07 13:10:30,154 - INFO - Audio files found: 0
2025-02-07 13:10:30,166 - INFO - URL: https://www.amazon.com/s?k=Honor
2025-02-07 13:10:30,166 - INFO - Internal links found: 205
2025-02-07 13:10:30,166 - INFO - External links found: 21
2025-02-07 13:10:30,168 - INFO - Images found: 94
2025-02-07 13:10:30,168 - INFO - Videos found: 0
2025-02-07 13:10:30,168 - INFO - Audio files found: 0
2025-02-07 13:10:30,182 - INFO - URL: https://www.amazon.com/s?k=OnePlus
2025-02-07 13:10:30,183 - INFO - Internal links found: 241
2025-02-07 13:10:30,183 - INFO - External links found: 21
2025-02-07 13:10:30,183 - INFO - Images found: 90
2025-02-07 13:10:30,184 - INFO - Videos found: 0
2025-02-07 13:10:30,185 - INFO - Audio files found: 0
